<?xml version="1.0" encoding="UTF-8"?>
<testsuite name="br.com.unifal.blog.unit.UserServiceTest" tests="1" skipped="0" failures="0" errors="0" timestamp="2023-11-25T03:18:01" hostname="Nicoles-MacBook-Air.local" time="0.744">
  <properties/>
  <testcase name="#getAllUsers &gt; When the list is not empty &gt; Return a list of users" classname="br.com.unifal.blog.unit.UserServiceTest" time="0.744"/>
  <system-out><![CDATA[]]></system-out>
  <system-err><![CDATA[]]></system-err>
</testsuite>
