<?xml version="1.0" encoding="UTF-8"?>
<testsuite name="br.com.unifal.blog.integration.UserServiceIntegrationTest" tests="3" skipped="0" failures="0" errors="0" timestamp="2023-11-24T17:53:13" hostname="Nicoles-MacBook-Air.local" time="0.321">
  <properties/>
  <testcase name="#findById &gt; When the id is null &gt; Thrown an exception" classname="br.com.unifal.blog.integration.UserServiceIntegrationTest" time="0.285"/>
  <testcase name="#findById &gt; When the id is not null &gt; When a user is found &gt; Return the user" classname="br.com.unifal.blog.integration.UserServiceIntegrationTest" time="0.031"/>
  <testcase name="#findById &gt; When the id is not null &gt; When no user is found &gt; Throw an exception" classname="br.com.unifal.blog.integration.UserServiceIntegrationTest" time="0.003"/>
  <system-out><![CDATA[14:53:11.220 [Test worker] DEBUG org.springframework.test.context.BootstrapUtils - Instantiating CacheAwareContextLoaderDelegate from class [org.springframework.test.context.cache.DefaultCacheAwareContextLoaderDelegate]
14:53:11.224 [Test worker] DEBUG org.springframework.test.context.BootstrapUtils - Instantiating BootstrapContext using constructor [public org.springframework.test.context.support.DefaultBootstrapContext(java.lang.Class,org.springframework.test.context.CacheAwareContextLoaderDelegate)]
14:53:11.235 [Test worker] DEBUG org.springframework.test.context.BootstrapUtils - Instantiating TestContextBootstrapper for test class [br.com.unifal.blog.integration.UserServiceIntegrationTest] from class [org.springframework.boot.test.context.SpringBootTestContextBootstrapper]
14:53:11.239 [Test worker] INFO org.springframework.boot.test.context.SpringBootTestContextBootstrapper - Neither @ContextConfiguration nor @ContextHierarchy found for test class [br.com.unifal.blog.integration.UserServiceIntegrationTest], using SpringBootContextLoader
14:53:11.241 [Test worker] DEBUG org.springframework.test.context.support.AbstractContextLoader - Did not detect default resource location for test class [br.com.unifal.blog.integration.UserServiceIntegrationTest]: class path resource [br/com/unifal/blog/integration/UserServiceIntegrationTest-context.xml] does not exist
14:53:11.241 [Test worker] DEBUG org.springframework.test.context.support.AbstractContextLoader - Did not detect default resource location for test class [br.com.unifal.blog.integration.UserServiceIntegrationTest]: class path resource [br/com/unifal/blog/integration/UserServiceIntegrationTestContext.groovy] does not exist
14:53:11.241 [Test worker] INFO org.springframework.test.context.support.AbstractContextLoader - Could not detect default resource locations for test class [br.com.unifal.blog.integration.UserServiceIntegrationTest]: no resource found for suffixes {-context.xml, Context.groovy}.
14:53:11.241 [Test worker] INFO org.springframework.test.context.support.AnnotationConfigContextLoaderUtils - Could not detect default configuration classes for test class [br.com.unifal.blog.integration.UserServiceIntegrationTest]: UserServiceIntegrationTest does not declare any static, non-private, non-final, nested classes annotated with @Configuration.
14:53:11.256 [Test worker] DEBUG org.springframework.test.context.support.ActiveProfilesUtils - Could not find an 'annotation declaring class' for annotation type [org.springframework.test.context.ActiveProfiles] and class [br.com.unifal.blog.integration.UserServiceIntegrationTest]
14:53:11.284 [Test worker] DEBUG org.springframework.context.annotation.ClassPathScanningCandidateComponentProvider - Identified candidate component class: file [/Users/nicolelima/Documents/Faculdade/4º período/gestao/blog/blog/build/classes/java/main/br/com/unifal/blog/BlogApplication.class]
14:53:11.284 [Test worker] INFO org.springframework.boot.test.context.SpringBootTestContextBootstrapper - Found @SpringBootConfiguration br.com.unifal.blog.BlogApplication for test class br.com.unifal.blog.integration.UserServiceIntegrationTest
14:53:11.313 [Test worker] DEBUG org.springframework.boot.test.context.SpringBootTestContextBootstrapper - @TestExecutionListeners is not present for class [br.com.unifal.blog.integration.UserServiceIntegrationTest]: using defaults.
14:53:11.313 [Test worker] INFO org.springframework.boot.test.context.SpringBootTestContextBootstrapper - Loaded default TestExecutionListener class names from location [META-INF/spring.factories]: [org.springframework.boot.test.autoconfigure.restdocs.RestDocsTestExecutionListener, org.springframework.boot.test.autoconfigure.web.client.MockRestServiceServerResetTestExecutionListener, org.springframework.boot.test.autoconfigure.web.servlet.MockMvcPrintOnlyOnFailureTestExecutionListener, org.springframework.boot.test.autoconfigure.web.servlet.WebDriverTestExecutionListener, org.springframework.boot.test.autoconfigure.webservices.client.MockWebServiceServerTestExecutionListener, org.springframework.boot.test.mock.mockito.MockitoTestExecutionListener, org.springframework.boot.test.mock.mockito.ResetMocksTestExecutionListener, org.springframework.test.context.web.ServletTestExecutionListener, org.springframework.test.context.support.DirtiesContextBeforeModesTestExecutionListener, org.springframework.test.context.event.ApplicationEventsTestExecutionListener, org.springframework.test.context.support.DependencyInjectionTestExecutionListener, org.springframework.test.context.support.DirtiesContextTestExecutionListener, org.springframework.test.context.transaction.TransactionalTestExecutionListener, org.springframework.test.context.jdbc.SqlScriptsTestExecutionListener, org.springframework.test.context.event.EventPublishingTestExecutionListener]
14:53:11.320 [Test worker] INFO org.springframework.boot.test.context.SpringBootTestContextBootstrapper - Using TestExecutionListeners: [org.springframework.test.context.web.ServletTestExecutionListener@2bef51f2, org.springframework.test.context.support.DirtiesContextBeforeModesTestExecutionListener@650eab8, org.springframework.test.context.event.ApplicationEventsTestExecutionListener@30f5a68a, org.springframework.boot.test.mock.mockito.MockitoTestExecutionListener@1e1d3956, org.springframework.boot.test.autoconfigure.SpringBootDependencyInjectionTestExecutionListener@4f2c9ba6, org.springframework.test.context.support.DirtiesContextTestExecutionListener@4e28bdd1, org.springframework.test.context.transaction.TransactionalTestExecutionListener@53f48368, org.springframework.test.context.jdbc.SqlScriptsTestExecutionListener@24d4d7c9, org.springframework.test.context.event.EventPublishingTestExecutionListener@f0e995e, org.springframework.boot.test.autoconfigure.restdocs.RestDocsTestExecutionListener@4c37b5b, org.springframework.boot.test.autoconfigure.web.client.MockRestServiceServerResetTestExecutionListener@73db4768, org.springframework.boot.test.autoconfigure.web.servlet.MockMvcPrintOnlyOnFailureTestExecutionListener@71b3bc45, org.springframework.boot.test.autoconfigure.web.servlet.WebDriverTestExecutionListener@a8c1f44, org.springframework.boot.test.autoconfigure.webservices.client.MockWebServiceServerTestExecutionListener@150ab4ed, org.springframework.boot.test.mock.mockito.ResetMocksTestExecutionListener@3c435123]
14:53:11.321 [Test worker] DEBUG org.springframework.test.context.support.AbstractDirtiesContextTestExecutionListener - Before test class: context [DefaultTestContext@15eebbff testClass = UserServiceIntegrationTest, testInstance = [null], testMethod = [null], testException = [null], mergedContextConfiguration = [WebMergedContextConfiguration@22d6f11 testClass = UserServiceIntegrationTest, locations = '{}', classes = '{class br.com.unifal.blog.BlogApplication}', contextInitializerClasses = '[]', activeProfiles = '{}', propertySourceLocations = '{}', propertySourceProperties = '{org.springframework.boot.test.context.SpringBootTestContextBootstrapper=true}', contextCustomizers = set[org.springframework.boot.test.autoconfigure.actuate.metrics.MetricsExportContextCustomizerFactory$DisableMetricExportContextCustomizer@5be46f9d, org.springframework.boot.test.autoconfigure.properties.PropertyMappingContextCustomizer@0, org.springframework.boot.test.autoconfigure.web.servlet.WebDriverContextCustomizerFactory$Customizer@78d6692f, org.springframework.boot.test.context.filter.ExcludeFilterContextCustomizer@558bdf1f, org.springframework.boot.test.json.DuplicateJsonObjectContextCustomizerFactory$DuplicateJsonObjectContextCustomizer@5f354bcf, org.springframework.boot.test.mock.mockito.MockitoContextCustomizer@0, org.springframework.boot.test.web.client.TestRestTemplateContextCustomizer@1800a575, org.springframework.boot.test.context.SpringBootTestArgs@1, org.springframework.boot.test.context.SpringBootTestWebEnvironment@57250572], resourceBasePath = 'src/main/webapp', contextLoader = 'org.springframework.boot.test.context.SpringBootContextLoader', parent = [null]], attributes = map['org.springframework.test.context.web.ServletTestExecutionListener.activateListener' -> true]], class annotated with @DirtiesContext [false] with mode [null].

  .   ____          _            __ _ _
 /\\ / ___'_ __ _ _(_)_ __  __ _ \ \ \ \
( ( )\___ | '_ | '_| | '_ \/ _` | \ \ \ \
 \\/  ___)| |_)| | | | | || (_| |  ) ) ) )
  '  |____| .__|_| |_|_| |_\__, | / / / /
 =========|_|==============|___/=/_/_/_/
 :: Spring Boot ::      (v2.7.18-SNAPSHOT)

2023-11-24 14:53:11.451  INFO 42018 --- [    Test worker] b.c.u.b.i.UserServiceIntegrationTest     : Starting UserServiceIntegrationTest using Java 19.0.2 on Nicoles-MacBook-Air.local with PID 42018 (started by nicolelima in /Users/nicolelima/Documents/Faculdade/4º período/gestao/blog/blog)
2023-11-24 14:53:11.452  INFO 42018 --- [    Test worker] b.c.u.b.i.UserServiceIntegrationTest     : No active profile set, falling back to 1 default profile: "default"
2023-11-24 14:53:11.684  INFO 42018 --- [    Test worker] .s.d.r.c.RepositoryConfigurationDelegate : Bootstrapping Spring Data JPA repositories in DEFAULT mode.
2023-11-24 14:53:11.707  INFO 42018 --- [    Test worker] .s.d.r.c.RepositoryConfigurationDelegate : Finished Spring Data repository scanning in 19 ms. Found 1 JPA repository interfaces.
2023-11-24 14:53:12.003  INFO 42018 --- [    Test worker] com.zaxxer.hikari.HikariDataSource       : HikariPool-1 - Starting...
2023-11-24 14:53:12.155  INFO 42018 --- [    Test worker] com.zaxxer.hikari.HikariDataSource       : HikariPool-1 - Start completed.
2023-11-24 14:53:12.180  INFO 42018 --- [    Test worker] o.hibernate.jpa.internal.util.LogHelper  : HHH000204: Processing PersistenceUnitInfo [name: default]
2023-11-24 14:53:12.203  INFO 42018 --- [    Test worker] org.hibernate.Version                    : HHH000412: Hibernate ORM core version 5.6.15.Final
2023-11-24 14:53:12.271  INFO 42018 --- [    Test worker] o.hibernate.annotations.common.Version   : HCANN000001: Hibernate Commons Annotations {5.1.2.Final}
2023-11-24 14:53:12.320  INFO 42018 --- [    Test worker] org.hibernate.dialect.Dialect            : HHH000400: Using dialect: org.hibernate.dialect.MySQL8Dialect
2023-11-24 14:53:12.544  INFO 42018 --- [    Test worker] o.h.e.t.j.p.i.JtaPlatformInitiator       : HHH000490: Using JtaPlatform implementation: [org.hibernate.engine.transaction.jta.platform.internal.NoJtaPlatform]
2023-11-24 14:53:12.547  INFO 42018 --- [    Test worker] j.LocalContainerEntityManagerFactoryBean : Initialized JPA EntityManagerFactory for persistence unit 'default'
2023-11-24 14:53:12.726  WARN 42018 --- [    Test worker] JpaBaseConfiguration$JpaWebConfiguration : spring.jpa.open-in-view is enabled by default. Therefore, database queries may be performed during view rendering. Explicitly configure spring.jpa.open-in-view to disable this warning
2023-11-24 14:53:13.043  INFO 42018 --- [    Test worker] o.s.b.a.e.web.EndpointLinksResolver      : Exposing 1 endpoint(s) beneath base path '/actuator'
2023-11-24 14:53:13.065  INFO 42018 --- [    Test worker] b.c.u.b.i.UserServiceIntegrationTest     : Started UserServiceIntegrationTest in 1.73 seconds (JVM running for 2.163)
]]></system-out>
  <system-err><![CDATA[]]></system-err>
</testsuite>
